alpha_model-1602994931, 0.2471, 0, 0.02, 0.03697, 0.0, 0.03702
alpha_model-1602994931, 0.504, 0, 0.01, 0.03695, 0.04167, 0.03687
alpha_model-1602994931, 0.7246, 0, 0.03, 0.03688, 0.02778, 0.03691
alpha_model-1602994931, 0.9376, 0, 0.03, 0.03687, 0.05556, 0.0368
alpha_model-1602994931, 1.1442, 0, 0.08, 0.03648, 0.11111, 0.03634
alpha_model-1602994931, 1.3483, 0, 0.18, 0.03451, 0.13889, 0.03537
alpha_model-1602994931, 1.5533, 0, 0.19, 0.03385, 0.30556, 0.03135
alpha_model-1602994931, 1.7609, 0, 0.29, 0.03156, 0.33333, 0.03272
alpha_model-1602994931, 1.9845, 0, 0.31, 0.03089, 0.375, 0.02812
alpha_model-1602994931, 2.2006, 0, 0.34, 0.03058, 0.44444, 0.02654
alpha_model-1602994931, 2.4077, 0, 0.41, 0.02924, 0.41667, 0.02961
alpha_model-1602994931, 2.6186, 0, 0.43, 0.02788, 0.47222, 0.02631
alpha_model-1602994931, 2.8252, 0, 0.49, 0.02629, 0.54167, 0.02239
alpha_model-1602994931, 3.0414, 0, 0.48, 0.02543, 0.625, 0.02069
alpha_model-1602994931, 3.2454, 0, 0.5, 0.02616, 0.58333, 0.02019
alpha_model-1602994931, 3.4556, 0, 0.48, 0.02475, 0.625, 0.0177
alpha_model-1602994931, 3.5222, 1, 0.5, 0.02378, 0.54167, 0.02226
alpha_model-1602994931, 3.737, 1, 0.55, 0.02325, 0.59722, 0.01887
alpha_model-1602994931, 3.9482, 1, 0.56, 0.02383, 0.61111, 0.01869
alpha_model-1602994931, 4.1705, 1, 0.58, 0.02189, 0.52778, 0.02217
alpha_model-1602994931, 4.3825, 1, 0.57, 0.02089, 0.56944, 0.02241
alpha_model-1602994931, 4.5922, 1, 0.58, 0.0201, 0.625, 0.01822
alpha_model-1602994931, 4.7987, 1, 0.63, 0.0204, 0.65278, 0.01921
alpha_model-1602994931, 5.0158, 1, 0.49, 0.02403, 0.625, 0.01714
alpha_model-1602994931, 5.2206, 1, 0.54, 0.02195, 0.69444, 0.01524
alpha_model-1602994931, 5.4276, 1, 0.59, 0.02147, 0.68056, 0.01367
alpha_model-1602994931, 5.6364, 1, 0.62, 0.0204, 0.66667, 0.01894
alpha_model-1602994931, 5.8432, 1, 0.56, 0.02322, 0.72222, 0.01291
alpha_model-1602994931, 6.0545, 1, 0.64, 0.01982, 0.65278, 0.0189
alpha_model-1602994931, 6.262, 1, 0.62, 0.02044, 0.76389, 0.01381
alpha_model-1602994931, 6.4659, 1, 0.53, 0.02489, 0.86111, 0.01033
alpha_model-1602994931, 6.6744, 1, 0.74, 0.01521, 0.75, 0.01245
alpha_model-1602994931, 6.7332, 2, 0.6, 0.022, 0.70833, 0.01641
alpha_model-1602994931, 6.9433, 2, 0.57, 0.02219, 0.72222, 0.01465
alpha_model-1602994931, 7.1556, 2, 0.72, 0.01579, 0.79167, 0.01151
alpha_model-1602994931, 7.3602, 2, 0.66, 0.01884, 0.76389, 0.01257
alpha_model-1602994931, 7.5686, 2, 0.65, 0.01839, 0.79167, 0.0119
alpha_model-1602994931, 7.776, 2, 0.63, 0.02062, 0.75, 0.01363
alpha_model-1602994931, 7.9916, 2, 0.72, 0.01667, 0.76389, 0.01355
alpha_model-1602994931, 8.2056, 2, 0.66, 0.01854, 0.75, 0.01339
alpha_model-1602994931, 8.4085, 2, 0.71, 0.01554, 0.75, 0.01409
alpha_model-1602994931, 8.6163, 2, 0.62, 0.01902, 0.80556, 0.0098
alpha_model-1602994931, 8.8237, 2, 0.74, 0.01344, 0.70833, 0.01326
alpha_model-1602994931, 9.0367, 2, 0.67, 0.01798, 0.81944, 0.00927
alpha_model-1602994931, 9.2477, 2, 0.61, 0.02022, 0.77778, 0.01283
alpha_model-1602994931, 9.4557, 2, 0.67, 0.01802, 0.80556, 0.01273
alpha_model-1602994931, 9.6647, 2, 0.65, 0.01945, 0.76389, 0.01288
alpha_model-1602994931, 9.8716, 2, 0.69, 0.01589, 0.84722, 0.00998
alpha_model-1602994931, 9.9301, 3, 0.76, 0.01422, 0.80556, 0.01068
alpha_model-1602994931, 10.1522, 3, 0.59, 0.02001, 0.83333, 0.00897
alpha_model-1602994931, 10.3608, 3, 0.68, 0.01765, 0.84722, 0.0101
alpha_model-1602994931, 10.5695, 3, 0.72, 0.0141, 0.83333, 0.01126
alpha_model-1602994931, 10.7734, 3, 0.73, 0.01578, 0.84722, 0.01076
alpha_model-1602994931, 10.9808, 3, 0.73, 0.01626, 0.86111, 0.00984
alpha_model-1602994931, 11.195, 3, 0.82, 0.01149, 0.84722, 0.01126
alpha_model-1602994931, 11.4028, 3, 0.66, 0.01789, 0.79167, 0.0128
alpha_model-1602994931, 11.6091, 3, 0.63, 0.01792, 0.79167, 0.01181
alpha_model-1602994931, 11.8126, 3, 0.63, 0.01723, 0.88889, 0.00676
alpha_model-1602994931, 12.0172, 3, 0.74, 0.01505, 0.83333, 0.01085
alpha_model-1602994931, 12.2338, 3, 0.7, 0.01603, 0.86111, 0.00928
alpha_model-1602994931, 12.4374, 3, 0.73, 0.01517, 0.80556, 0.01204
alpha_model-1602994931, 12.6571, 3, 0.7, 0.01507, 0.81944, 0.00914
alpha_model-1602994931, 12.8635, 3, 0.74, 0.01539, 0.86111, 0.00884
alpha_model-1602994931, 13.0723, 3, 0.75, 0.01291, 0.86111, 0.00794
alpha_model-1602994931, 13.1375, 4, 0.65, 0.01731, 0.84722, 0.00867
alpha_model-1602994931, 13.3478, 4, 0.65, 0.01718, 0.80556, 0.0111
alpha_model-1602994931, 13.5551, 4, 0.73, 0.01442, 0.88889, 0.00811
alpha_model-1602994931, 13.7761, 4, 0.69, 0.01741, 0.73611, 0.01305
alpha_model-1602994931, 13.9866, 4, 0.72, 0.01614, 0.81944, 0.01065
alpha_model-1602994931, 14.2048, 4, 0.7, 0.01542, 0.88889, 0.00752
alpha_model-1602994931, 14.4101, 4, 0.69, 0.01438, 0.84722, 0.00774
alpha_model-1602994931, 14.6197, 4, 0.73, 0.01506, 0.84722, 0.0072
alpha_model-1602994931, 14.8236, 4, 0.75, 0.01359, 0.84722, 0.00957
alpha_model-1602994931, 15.032, 4, 0.7, 0.01572, 0.81944, 0.01072
alpha_model-1602994931, 15.2461, 4, 0.73, 0.01593, 0.88889, 0.00744
alpha_model-1602994931, 15.4532, 4, 0.72, 0.01476, 0.73611, 0.01208
alpha_model-1602994931, 15.6609, 4, 0.78, 0.01294, 0.81944, 0.00963
alpha_model-1602994931, 15.8681, 4, 0.71, 0.01467, 0.84722, 0.00853
alpha_model-1602994931, 16.0792, 4, 0.77, 0.01424, 0.83333, 0.00993
alpha_model-1602994931, 16.2908, 4, 0.77, 0.01284, 0.91667, 0.00589
alpha_model-1602994931, 16.3491, 5, 0.69, 0.01669, 0.91667, 0.00546
alpha_model-1602994931, 16.5581, 5, 0.71, 0.0151, 0.90278, 0.00623
alpha_model-1602994931, 16.7648, 5, 0.8, 0.01102, 0.83333, 0.00873
alpha_model-1602994931, 16.9711, 5, 0.73, 0.01395, 0.86111, 0.00857
alpha_model-1602994931, 17.185, 5, 0.78, 0.0117, 0.83333, 0.00846
alpha_model-1602994931, 17.3932, 5, 0.73, 0.01401, 0.86111, 0.00808
alpha_model-1602994931, 17.5995, 5, 0.78, 0.01387, 0.86111, 0.00631
alpha_model-1602994931, 17.8055, 5, 0.76, 0.01338, 0.875, 0.00704
alpha_model-1602994931, 18.0112, 5, 0.87, 0.0079, 0.86111, 0.00777
alpha_model-1602994931, 18.2253, 5, 0.78, 0.01233, 0.97222, 0.00399
alpha_model-1602994931, 18.4307, 5, 0.76, 0.01355, 0.80556, 0.01029
alpha_model-1602994931, 18.6407, 5, 0.82, 0.01162, 0.875, 0.00751
alpha_model-1602994931, 18.8486, 5, 0.77, 0.01431, 0.80556, 0.00848
alpha_model-1602994931, 19.0583, 5, 0.78, 0.01166, 0.86111, 0.00769
alpha_model-1602994931, 19.2733, 5, 0.7, 0.01744, 0.93056, 0.00546
alpha_model-1602994931, 19.4819, 5, 0.77, 0.01341, 0.81944, 0.00828
alpha_model-1602994931, 19.5418, 6, 0.8, 0.01078, 0.86111, 0.00628
alpha_model-1602994931, 19.7499, 6, 0.77, 0.01329, 0.84722, 0.00859
alpha_model-1602994931, 19.9586, 6, 0.73, 0.01445, 0.91667, 0.00679
alpha_model-1602994931, 20.1804, 6, 0.73, 0.01614, 0.81944, 0.00982
alpha_model-1602994931, 20.391, 6, 0.74, 0.01314, 0.76389, 0.01119
alpha_model-1602994931, 20.6037, 6, 0.72, 0.01563, 0.84722, 0.00872
alpha_model-1602994931, 20.8084, 6, 0.73, 0.01393, 0.91667, 0.00501
alpha_model-1602994931, 21.0173, 6, 0.78, 0.01146, 0.91667, 0.00554
alpha_model-1602994931, 21.2304, 6, 0.69, 0.01717, 0.83333, 0.01013
alpha_model-1602994931, 21.4362, 6, 0.68, 0.01734, 0.93056, 0.00419
alpha_model-1602994931, 21.6454, 6, 0.71, 0.01557, 0.86111, 0.00779
alpha_model-1602994931, 21.8532, 6, 0.76, 0.01234, 0.81944, 0.00962
alpha_model-1602994931, 22.0606, 6, 0.79, 0.01053, 0.86111, 0.00771
alpha_model-1602994931, 22.2754, 6, 0.82, 0.0091, 0.94444, 0.00472
alpha_model-1602994931, 22.4811, 6, 0.79, 0.0125, 0.90278, 0.00666
alpha_model-1602994931, 22.6883, 6, 0.73, 0.01482, 0.81944, 0.00982
alpha_model-1602994931, 22.7477, 7, 0.74, 0.01387, 0.94444, 0.00295
alpha_model-1602994931, 22.9542, 7, 0.78, 0.01267, 0.90278, 0.00655
alpha_model-1602994931, 23.1623, 7, 0.79, 0.0136, 0.91667, 0.00401
alpha_model-1602994931, 23.3745, 7, 0.8, 0.01026, 0.84722, 0.00874
alpha_model-1602994931, 23.5862, 7, 0.81, 0.01056, 0.83333, 0.00807
alpha_model-1602994931, 23.7989, 7, 0.7, 0.01383, 0.91667, 0.00409
alpha_model-1602994931, 24.0066, 7, 0.78, 0.01155, 0.83333, 0.0084
alpha_model-1602994931, 24.2157, 7, 0.77, 0.01348, 0.875, 0.00599
alpha_model-1602994931, 24.4285, 7, 0.83, 0.00865, 0.91667, 0.00553
alpha_model-1602994931, 24.6392, 7, 0.69, 0.01722, 0.91667, 0.0053
alpha_model-1602994931, 24.8475, 7, 0.78, 0.01303, 0.90278, 0.00629
alpha_model-1602994931, 25.0675, 7, 0.82, 0.01089, 0.875, 0.00631
alpha_model-1602994931, 25.282, 7, 0.76, 0.01347, 0.875, 0.00672
alpha_model-1602994931, 25.4902, 7, 0.79, 0.01162, 0.93056, 0.00471
alpha_model-1602994931, 25.6964, 7, 0.8, 0.0118, 0.88889, 0.00648
alpha_model-1602994931, 25.9036, 7, 0.75, 0.01333, 0.90278, 0.00627
alpha_model-1602994931, 25.964, 8, 0.73, 0.01424, 0.91667, 0.00467
alpha_model-1602994931, 26.1723, 8, 0.81, 0.01122, 0.88889, 0.00613
alpha_model-1602994931, 26.3854, 8, 0.81, 0.01164, 0.91667, 0.00644
alpha_model-1602994931, 26.5955, 8, 0.81, 0.00966, 0.90278, 0.00594
alpha_model-1602994931, 26.8002, 8, 0.82, 0.01089, 0.91667, 0.00684
alpha_model-1602994931, 27.0032, 8, 0.75, 0.01267, 0.93056, 0.00336
alpha_model-1602994931, 27.2101, 8, 0.75, 0.01364, 0.93056, 0.0053
alpha_model-1602994931, 27.4231, 8, 0.83, 0.01111, 0.90278, 0.00567
alpha_model-1602994931, 27.6287, 8, 0.74, 0.01389, 0.90278, 0.00617
alpha_model-1602994931, 27.8404, 8, 0.82, 0.01052, 0.81944, 0.01102
alpha_model-1602994931, 28.0439, 8, 0.78, 0.01399, 0.90278, 0.00468
alpha_model-1602994931, 28.2485, 8, 0.84, 0.01033, 0.875, 0.00728
alpha_model-1602994931, 28.4557, 8, 0.72, 0.01462, 0.90278, 0.00563
alpha_model-1602994931, 28.6635, 8, 0.79, 0.01282, 0.88889, 0.00654
alpha_model-1602994931, 28.8676, 8, 0.71, 0.01619, 0.88889, 0.00532
alpha_model-1602994931, 29.0727, 8, 0.78, 0.01399, 0.94444, 0.00482
alpha_model-1602994931, 29.1319, 9, 0.88, 0.00798, 0.91667, 0.00454
alpha_model-1602994931, 29.3439, 9, 0.76, 0.01382, 0.94444, 0.00364
alpha_model-1602994931, 29.5512, 9, 0.88, 0.0071, 0.91667, 0.00545
alpha_model-1602994931, 29.7645, 9, 0.83, 0.0097, 0.875, 0.00611
alpha_model-1602994931, 29.9667, 9, 0.9, 0.00679, 0.86111, 0.0089
alpha_model-1602994931, 30.179, 9, 0.78, 0.01207, 0.91667, 0.0043
alpha_model-1602994931, 30.388, 9, 0.79, 0.01127, 0.91667, 0.00497
alpha_model-1602994931, 30.5986, 9, 0.76, 0.01317, 0.81944, 0.00956
alpha_model-1602994931, 30.8042, 9, 0.76, 0.01135, 0.88889, 0.00718
alpha_model-1602994931, 31.0107, 9, 0.73, 0.01464, 0.91667, 0.00598
alpha_model-1602994931, 31.219, 9, 0.76, 0.01224, 0.83333, 0.00721
alpha_model-1602994931, 31.4302, 9, 0.8, 0.01075, 0.93056, 0.00396
alpha_model-1602994931, 31.639, 9, 0.81, 0.00979, 0.86111, 0.00688
alpha_model-1602994931, 31.8442, 9, 0.78, 0.01225, 0.88889, 0.00566
alpha_model-1602994931, 32.0532, 9, 0.81, 0.01061, 0.94444, 0.0041
alpha_model-1602994931, 32.2627, 9, 0.8, 0.01085, 0.86111, 0.00618
alpha_model-1602994931, 32.3216, 10, 0.76, 0.0132, 0.91667, 0.00433
alpha_model-1602994931, 32.532, 10, 0.75, 0.01417, 0.91667, 0.00448
alpha_model-1602994931, 32.7394, 10, 0.82, 0.01017, 0.91667, 0.00539
alpha_model-1602994931, 32.947, 10, 0.76, 0.01364, 0.88889, 0.0067
alpha_model-1602994931, 33.155, 10, 0.77, 0.01194, 0.90278, 0.00539
alpha_model-1602994931, 33.3672, 10, 0.8, 0.01023, 0.94444, 0.00311
alpha_model-1602994931, 33.5726, 10, 0.74, 0.01496, 0.81944, 0.00819
alpha_model-1602994931, 33.7804, 10, 0.81, 0.01089, 0.91667, 0.00491
alpha_model-1602994931, 33.9874, 10, 0.77, 0.01486, 0.88889, 0.00513
alpha_model-1602994931, 34.1955, 10, 0.79, 0.01252, 0.90278, 0.00467
alpha_model-1602994931, 34.4079, 10, 0.8, 0.01068, 0.98611, 0.00179
alpha_model-1602994931, 34.617, 10, 0.82, 0.01029, 0.91667, 0.00407
alpha_model-1602994931, 34.8227, 10, 0.82, 0.01067, 0.94444, 0.00413
alpha_model-1602994931, 35.0279, 10, 0.76, 0.01472, 0.91667, 0.00505
alpha_model-1602994931, 35.2405, 10, 0.8, 0.0131, 0.83333, 0.00811
alpha_model-1602994931, 35.4545, 10, 0.82, 0.00987, 0.93056, 0.00385
alpha_model-1602994931, 35.5155, 11, 0.8, 0.01127, 0.86111, 0.00532
alpha_model-1602994931, 35.7242, 11, 0.66, 0.0191, 0.93056, 0.0037
alpha_model-1602994931, 35.931, 11, 0.82, 0.01061, 0.875, 0.00741
alpha_model-1602994931, 36.1407, 11, 0.84, 0.00935, 0.91667, 0.00389
alpha_model-1602994931, 36.3431, 11, 0.77, 0.01136, 0.84722, 0.00809
alpha_model-1602994931, 36.5558, 11, 0.81, 0.01137, 0.94444, 0.00324
alpha_model-1602994931, 36.7641, 11, 0.84, 0.01007, 0.91667, 0.00636
alpha_model-1602994931, 36.97, 11, 0.78, 0.0121, 0.95833, 0.00268
alpha_model-1602994931, 37.1787, 11, 0.82, 0.01146, 0.93056, 0.00508
alpha_model-1602994931, 37.3844, 11, 0.83, 0.01027, 0.93056, 0.00433
alpha_model-1602994931, 37.5972, 11, 0.82, 0.01016, 0.95833, 0.00301
alpha_model-1602994931, 37.8045, 11, 0.82, 0.00998, 0.91667, 0.00522
alpha_model-1602994931, 38.0243, 11, 0.77, 0.01279, 0.88889, 0.00547
alpha_model-1602994931, 38.2294, 11, 0.82, 0.01044, 0.88889, 0.00742
alpha_model-1602994931, 38.4385, 11, 0.76, 0.01281, 0.90278, 0.00625
alpha_model-1602994931, 38.646, 11, 0.8, 0.01076, 0.93056, 0.00413
alpha_model-1602994931, 38.7049, 12, 0.86, 0.00818, 0.94444, 0.00237
alpha_model-1602994931, 38.9075, 12, 0.78, 0.01318, 0.90278, 0.00566
alpha_model-1602994931, 39.1114, 12, 0.82, 0.01099, 0.94444, 0.0026
alpha_model-1602994931, 39.3168, 12, 0.84, 0.00865, 0.86111, 0.00722
alpha_model-1602994931, 39.5269, 12, 0.87, 0.00719, 0.90278, 0.00482
alpha_model-1602994931, 39.735, 12, 0.78, 0.01121, 0.93056, 0.00407
alpha_model-1602994931, 39.9471, 12, 0.83, 0.00992, 0.98611, 0.00125
alpha_model-1602994931, 40.1599, 12, 0.85, 0.00863, 0.84722, 0.0074
alpha_model-1602994931, 40.3646, 12, 0.83, 0.00892, 0.90278, 0.00561
alpha_model-1602994931, 40.579, 12, 0.75, 0.01506, 0.94444, 0.00357
alpha_model-1602994931, 40.7839, 12, 0.77, 0.01388, 0.875, 0.00569
alpha_model-1602994931, 40.9938, 12, 0.83, 0.00978, 0.93056, 0.00374
alpha_model-1602994931, 41.1992, 12, 0.83, 0.01021, 0.91667, 0.00478
alpha_model-1602994931, 41.4028, 12, 0.8, 0.01189, 0.91667, 0.00407
alpha_model-1602994931, 41.6125, 12, 0.82, 0.01051, 0.95833, 0.00306
alpha_model-1602994931, 41.8189, 12, 0.74, 0.0152, 0.95833, 0.00295
alpha_model-1602994931, 41.8795, 13, 0.82, 0.01145, 0.91667, 0.00519
alpha_model-1602994931, 42.0849, 13, 0.84, 0.00951, 0.95833, 0.00275
alpha_model-1602994931, 42.2873, 13, 0.81, 0.01114, 0.88889, 0.00516
alpha_model-1602994931, 42.4987, 13, 0.79, 0.01138, 0.90278, 0.00565
alpha_model-1602994931, 42.7036, 13, 0.86, 0.00979, 0.91667, 0.0043
alpha_model-1602994931, 42.9082, 13, 0.85, 0.00776, 0.94444, 0.00184
alpha_model-1602994931, 43.1123, 13, 0.83, 0.00969, 0.93056, 0.00422
alpha_model-1602994931, 43.3163, 13, 0.85, 0.00955, 0.94444, 0.00361
alpha_model-1602994931, 43.5271, 13, 0.81, 0.01001, 0.95833, 0.00348
alpha_model-1602994931, 43.7338, 13, 0.85, 0.0092, 0.91667, 0.00526
alpha_model-1602994931, 43.9376, 13, 0.76, 0.01402, 0.91667, 0.00366
alpha_model-1602994931, 44.146, 13, 0.8, 0.0111, 0.98611, 0.0021
alpha_model-1602994931, 44.3483, 13, 0.76, 0.01216, 0.86111, 0.00862
alpha_model-1602994931, 44.5582, 13, 0.78, 0.01123, 0.90278, 0.0057
alpha_model-1602994931, 44.7643, 13, 0.83, 0.01131, 0.94444, 0.00371
alpha_model-1602994931, 44.9682, 13, 0.85, 0.00966, 0.93056, 0.00429
alpha_model-1602994931, 45.0271, 14, 0.75, 0.01314, 0.95833, 0.00307
alpha_model-1602994931, 45.238, 14, 0.82, 0.00966, 0.875, 0.0074
alpha_model-1602994931, 45.4423, 14, 0.92, 0.00508, 0.95833, 0.00217
alpha_model-1602994931, 45.6548, 14, 0.86, 0.00738, 0.91667, 0.00468
alpha_model-1602994931, 45.8607, 14, 0.87, 0.00689, 0.93056, 0.00535
alpha_model-1602994931, 46.0659, 14, 0.79, 0.01203, 0.94444, 0.00364
alpha_model-1602994931, 46.2724, 14, 0.84, 0.00869, 0.93056, 0.00383
alpha_model-1602994931, 46.4761, 14, 0.87, 0.00791, 0.91667, 0.00418
alpha_model-1602994931, 46.6837, 14, 0.84, 0.00953, 0.94444, 0.00275
alpha_model-1602994931, 46.8861, 14, 0.89, 0.00697, 0.94444, 0.00378
alpha_model-1602994931, 47.0902, 14, 0.77, 0.01381, 0.95833, 0.00226
alpha_model-1602994931, 47.2956, 14, 0.8, 0.01146, 0.875, 0.00669
alpha_model-1602994931, 47.4994, 14, 0.81, 0.01065, 0.95833, 0.00248
alpha_model-1602994931, 47.7083, 14, 0.8, 0.01107, 0.93056, 0.00461
alpha_model-1602994931, 47.9118, 14, 0.85, 0.00927, 0.88889, 0.00528
alpha_model-1602994931, 48.1191, 14, 0.81, 0.00989, 0.94444, 0.00328
alpha_model-1602994931, 48.178, 15, 0.79, 0.01255, 0.90278, 0.00532
alpha_model-1602994931, 48.3808, 15, 0.81, 0.01133, 0.88889, 0.00745
alpha_model-1602994931, 48.5913, 15, 0.9, 0.006, 0.94444, 0.00432
alpha_model-1602994931, 48.7992, 15, 0.76, 0.01317, 0.93056, 0.00337
alpha_model-1602994931, 49.003, 15, 0.78, 0.01222, 0.93056, 0.00324
alpha_model-1602994931, 49.2102, 15, 0.77, 0.0145, 0.94444, 0.00323
alpha_model-1602994931, 49.4134, 15, 0.85, 0.00798, 0.98611, 0.0015
alpha_model-1602994931, 49.6255, 15, 0.82, 0.01125, 0.90278, 0.00563
alpha_model-1602994931, 49.8313, 15, 0.86, 0.00946, 0.86111, 0.00705
alpha_model-1602994931, 50.0365, 15, 0.8, 0.01106, 0.94444, 0.00306
alpha_model-1602994931, 50.2437, 15, 0.79, 0.013, 0.95833, 0.00296
alpha_model-1602994931, 50.4498, 15, 0.88, 0.00691, 0.97222, 0.00179
alpha_model-1602994931, 50.6615, 15, 0.84, 0.00909, 0.98611, 0.00104
alpha_model-1602994931, 50.8661, 15, 0.77, 0.01266, 0.93056, 0.00382
alpha_model-1602994931, 51.0756, 15, 0.78, 0.01121, 0.94444, 0.00349
alpha_model-1602994931, 51.2834, 15, 0.83, 0.00939, 0.94444, 0.00325
alpha_model-1602994931, 51.3428, 16, 0.91, 0.00549, 0.94444, 0.00441
alpha_model-1602994931, 51.5485, 16, 0.85, 0.00992, 0.91667, 0.0042
alpha_model-1602994931, 51.76, 16, 0.81, 0.01057, 0.94444, 0.00353
alpha_model-1602994931, 51.964, 16, 0.78, 0.01183, 0.91667, 0.00503
alpha_model-1602994931, 52.171, 16, 0.83, 0.00992, 0.93056, 0.00359
alpha_model-1602994931, 52.377, 16, 0.86, 0.00865, 0.93056, 0.00393
alpha_model-1602994931, 52.5806, 16, 0.77, 0.01264, 0.95833, 0.00174
alpha_model-1602994931, 52.7926, 16, 0.76, 0.0135, 0.91667, 0.00434
alpha_model-1602994931, 52.997, 16, 0.81, 0.01213, 0.93056, 0.00475
alpha_model-1602994931, 53.2047, 16, 0.87, 0.00875, 0.94444, 0.00318
alpha_model-1602994931, 53.4086, 16, 0.87, 0.00783, 0.98611, 0.00086
alpha_model-1602994931, 53.6157, 16, 0.81, 0.01311, 0.95833, 0.00339
alpha_model-1602994931, 53.8261, 16, 0.8, 0.01043, 0.97222, 0.00212
alpha_model-1602994931, 54.0302, 16, 0.84, 0.00791, 0.93056, 0.00422
alpha_model-1602994931, 54.2339, 16, 0.86, 0.00831, 0.97222, 0.00164
alpha_model-1602994931, 54.4392, 16, 0.83, 0.00871, 0.94444, 0.00459
alpha_model-1602994931, 54.4979, 17, 0.84, 0.00825, 0.91667, 0.00508
alpha_model-1602994931, 54.7124, 17, 0.81, 0.01139, 0.97222, 0.00183
alpha_model-1602994931, 54.9173, 17, 0.92, 0.00687, 0.94444, 0.00334
alpha_model-1602994931, 55.1334, 17, 0.8, 0.01341, 0.93056, 0.00438
alpha_model-1602994931, 55.343, 17, 0.76, 0.01222, 0.90278, 0.00429
alpha_model-1602994931, 55.5682, 17, 0.8, 0.0123, 0.88889, 0.00559
alpha_model-1602994931, 55.7781, 17, 0.9, 0.00689, 0.93056, 0.00468
alpha_model-1602994931, 55.9831, 17, 0.84, 0.01078, 0.94444, 0.00323
alpha_model-1602994931, 56.1885, 17, 0.89, 0.00705, 0.95833, 0.00253
alpha_model-1602994931, 56.3948, 17, 0.87, 0.00805, 0.94444, 0.00292
alpha_model-1602994931, 56.5969, 17, 0.87, 0.00661, 0.94444, 0.00306
alpha_model-1602994931, 56.8063, 17, 0.83, 0.00939, 0.93056, 0.00369
alpha_model-1602994931, 57.0087, 17, 0.83, 0.01, 0.95833, 0.00308
alpha_model-1602994931, 57.2138, 17, 0.77, 0.01284, 0.94444, 0.00289
alpha_model-1602994931, 57.4162, 17, 0.87, 0.0081, 0.95833, 0.00179
alpha_model-1602994931, 57.6225, 17, 0.86, 0.00899, 0.91667, 0.00385
alpha_model-1602994931, 57.6875, 18, 0.81, 0.01022, 0.94444, 0.0023
alpha_model-1602994931, 57.8892, 18, 0.81, 0.01177, 0.95833, 0.00259
alpha_model-1602994931, 58.0958, 18, 0.79, 0.01154, 0.94444, 0.0037
alpha_model-1602994931, 58.2997, 18, 0.87, 0.00748, 0.94444, 0.00428
alpha_model-1602994931, 58.5043, 18, 0.85, 0.01031, 0.86111, 0.00633
alpha_model-1602994931, 58.7163, 18, 0.83, 0.01029, 0.90278, 0.00515
alpha_model-1602994931, 58.9201, 18, 0.86, 0.00949, 0.97222, 0.00272
alpha_model-1602994931, 59.1267, 18, 0.86, 0.00832, 0.97222, 0.00193
alpha_model-1602994931, 59.3292, 18, 0.86, 0.0085, 0.91667, 0.00355
alpha_model-1602994931, 59.5358, 18, 0.88, 0.00694, 0.93056, 0.00415
alpha_model-1602994931, 59.7484, 18, 0.78, 0.01368, 0.95833, 0.00393
alpha_model-1602994931, 59.9543, 18, 0.81, 0.01135, 0.94444, 0.00368
alpha_model-1602994931, 60.1627, 18, 0.91, 0.00504, 0.90278, 0.00591
alpha_model-1602994931, 60.367, 18, 0.8, 0.01219, 0.93056, 0.00365
alpha_model-1602994931, 60.5715, 18, 0.81, 0.00992, 0.94444, 0.00253
alpha_model-1602994931, 60.78, 18, 0.82, 0.01003, 0.93056, 0.00307
alpha_model-1602994931, 60.8527, 19, 0.86, 0.0091, 0.91667, 0.00488
alpha_model-1602994931, 61.0648, 19, 0.85, 0.00869, 0.95833, 0.00222
alpha_model-1602994931, 61.2688, 19, 0.84, 0.0089, 0.94444, 0.00372
alpha_model-1602994931, 61.4723, 19, 0.88, 0.0063, 0.93056, 0.00438
alpha_model-1602994931, 61.675, 19, 0.85, 0.00965, 0.95833, 0.00305
alpha_model-1602994931, 61.8828, 19, 0.83, 0.01015, 0.91667, 0.00494
alpha_model-1602994931, 62.0898, 19, 0.8, 0.01128, 0.88889, 0.00634
alpha_model-1602994931, 62.2936, 19, 0.86, 0.00839, 0.93056, 0.00432
alpha_model-1602994931, 62.4955, 19, 0.86, 0.00724, 0.91667, 0.00417
alpha_model-1602994931, 62.701, 19, 0.84, 0.00909, 0.88889, 0.00592
alpha_model-1602994931, 62.9113, 19, 0.86, 0.00807, 0.97222, 0.00121
alpha_model-1602994931, 63.1162, 19, 0.82, 0.00972, 0.97222, 0.00134
alpha_model-1602994931, 63.3201, 19, 0.88, 0.00677, 0.95833, 0.00268
alpha_model-1602994931, 63.5267, 19, 0.88, 0.00678, 0.88889, 0.00604
alpha_model-1602994931, 63.7332, 19, 0.88, 0.00699, 0.97222, 0.00135
alpha_model-1602994931, 63.9468, 19, 0.75, 0.01483, 0.95833, 0.00298
alpha_model-1602994931, 64.0078, 20, 0.81, 0.01051, 0.90278, 0.00425
alpha_model-1602994931, 64.2159, 20, 0.78, 0.01274, 0.97222, 0.00143
alpha_model-1602994931, 64.4191, 20, 0.81, 0.01135, 0.91667, 0.00379
alpha_model-1602994931, 64.6244, 20, 0.81, 0.01097, 0.875, 0.00774
alpha_model-1602994931, 64.8303, 20, 0.85, 0.00833, 0.93056, 0.00359
alpha_model-1602994931, 65.0357, 20, 0.78, 0.01304, 0.94444, 0.00318
alpha_model-1602994931, 65.2439, 20, 0.77, 0.01304, 0.97222, 0.00169
alpha_model-1602994931, 65.4474, 20, 0.82, 0.00993, 0.94444, 0.00318
alpha_model-1602994931, 65.6501, 20, 0.89, 0.00606, 0.91667, 0.0055
alpha_model-1602994931, 65.8624, 20, 0.83, 0.00993, 0.88889, 0.00501
alpha_model-1602994931, 66.0667, 20, 0.82, 0.00859, 0.90278, 0.00483
alpha_model-1602994931, 66.2713, 20, 0.78, 0.01229, 0.94444, 0.00316
alpha_model-1602994931, 66.4753, 20, 0.8, 0.01275, 0.91667, 0.0033
alpha_model-1602994931, 66.6807, 20, 0.89, 0.00718, 0.98611, 0.00209
alpha_model-1602994931, 66.8901, 20, 0.82, 0.01014, 0.93056, 0.00532
alpha_model-1602994931, 67.0952, 20, 0.81, 0.01036, 0.88889, 0.00501
alpha_model-1602994931, 67.1543, 21, 0.8, 0.0109, 0.97222, 0.00154
alpha_model-1602994931, 67.3583, 21, 0.88, 0.00708, 0.91667, 0.00374
alpha_model-1602994931, 67.5611, 21, 0.81, 0.01164, 0.90278, 0.00583
alpha_model-1602994931, 67.7655, 21, 0.87, 0.00819, 0.98611, 0.0017
alpha_model-1602994931, 67.9727, 21, 0.87, 0.00647, 0.94444, 0.00244
alpha_model-1602994931, 68.19, 21, 0.86, 0.00899, 0.97222, 0.0018
alpha_model-1602994931, 68.3921, 21, 0.87, 0.0072, 0.88889, 0.00618
alpha_model-1602994931, 68.5979, 21, 0.79, 0.01314, 0.93056, 0.00523
alpha_model-1602994931, 68.802, 21, 0.78, 0.01255, 0.94444, 0.0027
alpha_model-1602994931, 69.013, 21, 0.87, 0.00729, 0.95833, 0.00316
alpha_model-1602994931, 69.2185, 21, 0.8, 0.01163, 0.93056, 0.00451
alpha_model-1602994931, 69.4221, 21, 0.83, 0.01043, 0.93056, 0.00306
alpha_model-1602994931, 69.6246, 21, 0.82, 0.01184, 0.93056, 0.00319
alpha_model-1602994931, 69.8332, 21, 0.88, 0.00649, 0.93056, 0.0032
alpha_model-1602994931, 70.0354, 21, 0.82, 0.00992, 0.94444, 0.00417
alpha_model-1602994931, 70.247, 21, 0.79, 0.01235, 0.94444, 0.00401
alpha_model-1602994931, 70.3062, 22, 0.82, 0.01136, 0.93056, 0.00389
alpha_model-1602994931, 70.5118, 22, 0.89, 0.00683, 0.93056, 0.00487
alpha_model-1602994931, 70.7166, 22, 0.83, 0.01055, 0.94444, 0.00312
alpha_model-1602994931, 70.9254, 22, 0.79, 0.01338, 0.94444, 0.00351
alpha_model-1602994931, 71.1304, 22, 0.82, 0.01032, 0.97222, 0.00136
alpha_model-1602994931, 71.336, 22, 0.91, 0.00572, 0.95833, 0.00273
alpha_model-1602994931, 71.544, 22, 0.78, 0.01204, 1.0, 0.00057
alpha_model-1602994931, 71.7495, 22, 0.89, 0.00565, 0.91667, 0.00493
alpha_model-1602994931, 71.9606, 22, 0.86, 0.00935, 0.95833, 0.0034
alpha_model-1602994931, 72.1704, 22, 0.91, 0.00609, 0.93056, 0.00452
alpha_model-1602994931, 72.3732, 22, 0.81, 0.01117, 0.93056, 0.00409
alpha_model-1602994931, 72.58, 22, 0.85, 0.00904, 0.97222, 0.00137
alpha_model-1602994931, 72.7814, 22, 0.76, 0.01303, 0.95833, 0.00287
alpha_model-1602994931, 72.991, 22, 0.9, 0.0064, 0.94444, 0.00312
alpha_model-1602994931, 73.2021, 22, 0.87, 0.0079, 0.95833, 0.0021
alpha_model-1602994931, 73.4066, 22, 0.88, 0.00831, 0.93056, 0.0041
alpha_model-1602994931, 73.4661, 23, 0.85, 0.0088, 0.95833, 0.00326
alpha_model-1602994931, 73.6711, 23, 0.9, 0.00629, 0.95833, 0.00259
alpha_model-1602994931, 73.8764, 23, 0.84, 0.0098, 0.90278, 0.00406
alpha_model-1602994931, 74.0837, 23, 0.83, 0.00939, 0.97222, 0.00219
alpha_model-1602994931, 74.288, 23, 0.93, 0.0047, 0.95833, 0.0023
alpha_model-1602994931, 74.492, 23, 0.86, 0.0076, 0.95833, 0.00263
alpha_model-1602994931, 74.6972, 23, 0.82, 0.01008, 0.90278, 0.00412
alpha_model-1602994931, 74.9055, 23, 0.79, 0.01262, 0.95833, 0.00283
alpha_model-1602994931, 75.1158, 23, 0.85, 0.00861, 0.94444, 0.00331
alpha_model-1602994931, 75.3216, 23, 0.78, 0.01266, 0.97222, 0.00182
alpha_model-1602994931, 75.5252, 23, 0.91, 0.0061, 0.91667, 0.00459
alpha_model-1602994931, 75.7302, 23, 0.82, 0.01085, 0.94444, 0.00322
alpha_model-1602994931, 75.9399, 23, 0.88, 0.00772, 0.94444, 0.00278
alpha_model-1602994931, 76.1465, 23, 0.87, 0.00758, 0.97222, 0.00115
alpha_model-1602994931, 76.348, 23, 0.87, 0.00662, 0.93056, 0.00402
alpha_model-1602994931, 76.5531, 23, 0.83, 0.01018, 0.90278, 0.00468
alpha_model-1602994931, 76.6124, 24, 0.87, 0.00719, 0.93056, 0.00387
alpha_model-1602994931, 76.8165, 24, 0.91, 0.00542, 0.93056, 0.00378
alpha_model-1602994931, 77.0268, 24, 0.77, 0.0125, 0.97222, 0.00168
alpha_model-1602994931, 77.2331, 24, 0.89, 0.00618, 0.93056, 0.00517
alpha_model-1602994931, 77.4341, 24, 0.86, 0.00832, 0.93056, 0.00345
alpha_model-1602994931, 77.6389, 24, 0.83, 0.00924, 0.97222, 0.00103
alpha_model-1602994931, 77.8408, 24, 0.8, 0.01261, 0.91667, 0.00475
alpha_model-1602994931, 78.0499, 24, 0.77, 0.01285, 0.91667, 0.0037
alpha_model-1602994931, 78.2546, 24, 0.9, 0.00786, 0.95833, 0.0027
alpha_model-1602994931, 78.4574, 24, 0.82, 0.01038, 0.95833, 0.00245
alpha_model-1602994931, 78.6607, 24, 0.88, 0.00658, 0.93056, 0.00348
alpha_model-1602994931, 78.8643, 24, 0.84, 0.00835, 0.97222, 0.00153
alpha_model-1602994931, 79.0733, 24, 0.89, 0.00701, 0.95833, 0.00266
alpha_model-1602994931, 79.2777, 24, 0.84, 0.00852, 0.98611, 0.00132
alpha_model-1602994931, 79.4798, 24, 0.87, 0.00857, 0.94444, 0.00354
alpha_model-1602994931, 79.6845, 24, 0.86, 0.00793, 0.97222, 0.0014
alpha_model-1602995635, 2.3271, 0, 0.02, 0.03698, 0.0, 0.037
alpha_model-1602995635, 4.4734, 0, 0.03, 0.03697, 0.04167, 0.03691
alpha_model-1602995635, 7.8244, 0, 0.05, 0.03675, 0.04167, 0.03677
alpha_model-1602995635, 9.9997, 0, 0.14, 0.03487, 0.23611, 0.03352
alpha_model-1602995635, 11.8327, 0, 0.22, 0.03409, 0.26389, 0.03367
alpha_model-1602995635, 15.5029, 0, 0.32, 0.03231, 0.36111, 0.03129
alpha_model-1602995635, 17.2991, 0, 0.41, 0.02948, 0.44444, 0.02687
alpha_model-1602995635, 20.0567, 0, 0.37, 0.02916, 0.40278, 0.02892
alpha_model-1602995635, 22.7147, 0, 0.48, 0.02581, 0.51389, 0.02487
alpha_model-1602995635, 24.461, 0, 0.49, 0.02545, 0.58333, 0.02086
alpha_model-1602995635, 28.1521, 0, 0.41, 0.02767, 0.58333, 0.02185
alpha_model-1602995635, 30.1777, 0, 0.65, 0.02064, 0.56944, 0.022
alpha_model-1602995635, 32.9622, 0, 0.61, 0.02125, 0.625, 0.01952
alpha_model-1602995635, 35.8266, 0, 0.66, 0.01944, 0.65278, 0.01988
alpha_model-1602995635, 37.6467, 0, 0.58, 0.02217, 0.66667, 0.01768
alpha_model-1602995635, 41.2291, 0, 0.62, 0.02032, 0.68056, 0.01667
alpha_model-1602995635, 41.8398, 1, 0.61, 0.02056, 0.66667, 0.01662
alpha_model-1602995635, 43.643, 1, 0.62, 0.02213, 0.70833, 0.01458
alpha_model-1602995635, 47.2065, 1, 0.62, 0.01861, 0.70833, 0.01424
alpha_model-1602995635, 49.3807, 1, 0.67, 0.01787, 0.73611, 0.01523
alpha_model-1602995635, 51.8491, 1, 0.68, 0.01806, 0.81944, 0.01207
alpha_model-1602995635, 55.1114, 1, 0.61, 0.01932, 0.70833, 0.01507
alpha_model-1602995635, 57.0582, 1, 0.69, 0.01681, 0.75, 0.01353
alpha_model-1602995635, 60.7932, 1, 0.6, 0.0198, 0.86111, 0.00887
alpha_model-1602995635, 62.6323, 1, 0.74, 0.01356, 0.80556, 0.01168
alpha_model-1602995635, 65.3899, 1, 0.72, 0.01418, 0.84722, 0.00915
alpha_model-1602995635, 68.3071, 1, 0.69, 0.01775, 0.75, 0.01523
alpha_model-1602995635, 70.577, 1, 0.76, 0.01487, 0.76389, 0.01234
alpha_model-1602995635, 74.7559, 1, 0.71, 0.01504, 0.81944, 0.0095
alpha_model-1602995635, 78.6365, 1, 0.77, 0.01327, 0.80556, 0.00998
alpha_model-1602995635, 80.679, 1, 0.76, 0.01447, 0.80556, 0.01023
alpha_model-1602995635, 84.4579, 1, 0.72, 0.01353, 0.81944, 0.00997
alpha_model-1602995635, 84.9516, 2, 0.73, 0.01452, 0.84722, 0.00866
alpha_model-1602995635, 86.8316, 2, 0.71, 0.01686, 0.84722, 0.00856
alpha_model-1602995635, 90.5466, 2, 0.77, 0.01387, 0.86111, 0.00774
alpha_model-1602995635, 92.4216, 2, 0.77, 0.01228, 0.77778, 0.01131
alpha_model-1602995635, 95.0446, 2, 0.74, 0.0156, 0.875, 0.00903
alpha_model-1602995635, 98.1154, 2, 0.79, 0.01106, 0.84722, 0.00648
alpha_model-1602995635, 99.9814, 2, 0.8, 0.01219, 0.91667, 0.00505
alpha_model-1602995635, 103.7324, 2, 0.73, 0.01457, 0.83333, 0.00756
alpha_model-1602995635, 105.5964, 2, 0.73, 0.01442, 0.88889, 0.00664
alpha_model-1602995635, 108.7301, 2, 0.77, 0.01157, 0.875, 0.00643
alpha_model-1602995635, 111.2842, 2, 0.82, 0.0097, 0.93056, 0.00579
alpha_model-1602995635, 113.237, 2, 0.7, 0.01652, 0.86111, 0.00632
alpha_model-1602995635, 116.8882, 2, 0.78, 0.01244, 0.875, 0.00785
alpha_model-1602995635, 118.7941, 2, 0.79, 0.01114, 0.88889, 0.00771
alpha_model-1602995635, 122.6847, 2, 0.77, 0.01135, 0.88889, 0.00679
alpha_model-1602995635, 124.5996, 2, 0.77, 0.01172, 0.875, 0.00772
alpha_model-1602995635, 125.0793, 3, 0.81, 0.01062, 0.84722, 0.00808
alpha_model-1602995635, 127.9965, 3, 0.7, 0.0156, 0.88889, 0.00573
alpha_model-1602995635, 130.6793, 3, 0.82, 0.01103, 0.91667, 0.00624
alpha_model-1602995635, 132.6461, 3, 0.75, 0.01423, 0.83333, 0.00885
alpha_model-1602995635, 136.41, 3, 0.8, 0.01344, 0.88889, 0.00577
alpha_model-1602995635, 138.302, 3, 0.77, 0.01163, 0.88889, 0.00572
alpha_model-1602995635, 141.7378, 3, 0.83, 0.01051, 0.875, 0.00687
alpha_model-1602995635, 143.9239, 3, 0.84, 0.00939, 0.93056, 0.00399
alpha_model-1602995635, 145.7869, 3, 0.82, 0.01025, 0.90278, 0.00533
alpha_model-1602995635, 149.522, 3, 0.82, 0.0097, 0.94444, 0.00334
alpha_model-1602995635, 151.391, 3, 0.77, 0.01095, 0.91667, 0.0039
alpha_model-1602995635, 155.0043, 3, 0.79, 0.01208, 0.875, 0.00696
alpha_model-1602995635, 156.999, 3, 0.81, 0.01008, 0.86111, 0.00771
alpha_model-1602995635, 158.8959, 3, 0.83, 0.00928, 0.88889, 0.00666
alpha_model-1602995635, 162.591, 3, 0.84, 0.00853, 0.91667, 0.00566
alpha_model-1602995635, 164.3603, 3, 0.89, 0.00696, 0.94444, 0.00404
alpha_model-1602995635, 164.847, 4, 0.77, 0.01176, 0.91667, 0.00439
alpha_model-1602995635, 168.566, 4, 0.84, 0.01035, 0.91667, 0.0039
alpha_model-1602995635, 170.4151, 4, 0.87, 0.00764, 0.95833, 0.00209
alpha_model-1602995635, 172.9274, 4, 0.77, 0.01232, 0.76389, 0.01039
alpha_model-1602995635, 175.9922, 4, 0.77, 0.01311, 0.875, 0.00632
alpha_model-1602995635, 177.8512, 4, 0.79, 0.01058, 0.95833, 0.00177
alpha_model-1602995635, 181.6421, 4, 0.78, 0.00992, 0.97222, 0.00301
alpha_model-1602995635, 183.524, 4, 0.8, 0.01121, 0.875, 0.00659
alpha_model-1602995635, 186.4862, 4, 0.86, 0.00773, 0.83333, 0.0081
alpha_model-1602995635, 189.15, 4, 0.77, 0.01206, 0.91667, 0.00589
alpha_model-1602995635, 191.001, 4, 0.78, 0.01164, 0.95833, 0.0028
alpha_model-1602995635, 194.7151, 4, 0.84, 0.00924, 0.97222, 0.0021
alpha_model-1602995635, 196.5722, 4, 0.78, 0.01296, 0.93056, 0.00462
alpha_model-1602995635, 199.7068, 4, 0.82, 0.00925, 0.91667, 0.00409
alpha_model-1602995635, 202.1732, 4, 0.87, 0.00703, 0.91667, 0.00361
alpha_model-1602995635, 204.0292, 4, 0.82, 0.01095, 0.97222, 0.00226
alpha_model-1602995635, 204.7972, 5, 0.83, 0.00902, 0.93056, 0.00444
alpha_model-1602995635, 208.2579, 5, 0.73, 0.01476, 0.91667, 0.0047
alpha_model-1602995635, 210.111, 5, 0.84, 0.00899, 0.94444, 0.00381
alpha_model-1602995635, 213.9008, 5, 0.78, 0.01218, 0.875, 0.00678
alpha_model-1602995635, 215.7569, 5, 0.82, 0.00961, 0.94444, 0.00307
alpha_model-1602995635, 218.1285, 5, 0.81, 0.01208, 0.93056, 0.00303
alpha_model-1602995635, 221.3559, 5, 0.77, 0.01207, 0.93056, 0.0034
alpha_model-1602995635, 224.4706, 5, 0.86, 0.00782, 0.93056, 0.00428
alpha_model-1602995635, 226.9818, 5, 0.8, 0.01071, 0.93056, 0.00414
alpha_model-1602995635, 228.826, 5, 0.81, 0.00928, 0.97222, 0.00175
alpha_model-1602995635, 232.4991, 5, 0.81, 0.00919, 0.95833, 0.00356
alpha_model-1602995635, 234.4389, 5, 0.85, 0.00755, 0.95833, 0.0036
alpha_model-1602995635, 237.9137, 5, 0.91, 0.00616, 0.94444, 0.00393
alpha_model-1602995635, 240.0499, 5, 0.86, 0.0085, 0.95833, 0.00299
alpha_model-1602995635, 242.0326, 5, 0.84, 0.00881, 0.97222, 0.00323
alpha_model-1602995635, 245.7357, 5, 0.83, 0.01003, 0.93056, 0.00489
alpha_model-1602995635, 246.2464, 6, 0.79, 0.01039, 0.94444, 0.00405
alpha_model-1602995635, 248.1084, 6, 0.86, 0.00725, 0.91667, 0.00412
alpha_model-1602995635, 251.8753, 6, 0.83, 0.01034, 0.95833, 0.00271
alpha_model-1602995635, 253.6386, 6, 0.82, 0.00969, 0.90278, 0.00654
alpha_model-1602995635, 256.6615, 6, 0.85, 0.00908, 0.91667, 0.00439
alpha_model-1602995635, 259.2915, 6, 0.79, 0.01021, 0.95833, 0.00202
alpha_model-1602995635, 261.2124, 6, 0.85, 0.00916, 0.94444, 0.00264
alpha_model-1602995635, 264.9653, 6, 0.86, 0.00775, 0.97222, 0.00225
alpha_model-1602995635, 267.0417, 6, 0.82, 0.01016, 0.94444, 0.00312
alpha_model-1602995635, 270.5573, 6, 0.85, 0.00966, 0.93056, 0.00406
alpha_model-1602995635, 272.4353, 6, 0.77, 0.01286, 0.91667, 0.00412
alpha_model-1602995635, 276.1324, 6, 0.9, 0.00536, 0.91667, 0.00465
alpha_model-1602995635, 277.9576, 6, 0.8, 0.0113, 0.97222, 0.00184
alpha_model-1602995635, 281.6547, 6, 0.89, 0.00466, 0.90278, 0.00699
alpha_model-1602995635, 283.5377, 6, 0.8, 0.01195, 0.98611, 0.00113
alpha_model-1602995635, 286.3671, 6, 0.84, 0.00829, 0.98611, 0.00078
alpha_model-1602995635, 287.7743, 7, 0.81, 0.01129, 0.93056, 0.00417
alpha_model-1602995635, 289.5855, 7, 0.83, 0.00964, 0.95833, 0.00226
alpha_model-1602995635, 293.3045, 7, 0.89, 0.00647, 0.95833, 0.00309
alpha_model-1602995635, 295.3511, 7, 0.83, 0.00969, 0.93056, 0.00507
alpha_model-1602995635, 299.0652, 7, 0.8, 0.01116, 0.94444, 0.00367
alpha_model-1602995635, 300.9401, 7, 0.89, 0.00664, 0.94444, 0.00356
alpha_model-1602995635, 304.6482, 7, 0.91, 0.00471, 0.98611, 0.00151
alpha_model-1602995635, 306.5242, 7, 0.83, 0.00939, 0.95833, 0.00221
alpha_model-1602995635, 310.2582, 7, 0.91, 0.00609, 0.93056, 0.00424
alpha_model-1602995635, 312.1083, 7, 0.87, 0.00782, 0.88889, 0.004
alpha_model-1602995635, 315.7445, 7, 0.82, 0.01029, 0.90278, 0.00484
alpha_model-1602995635, 317.5886, 7, 0.81, 0.01142, 0.88889, 0.00453
alpha_model-1602995635, 320.7751, 7, 0.89, 0.0071, 0.93056, 0.00442
alpha_model-1602995635, 323.051, 7, 0.89, 0.00702, 0.90278, 0.00451
alpha_model-1602995635, 326.6903, 7, 0.88, 0.00764, 0.98611, 0.00171
alpha_model-1602995635, 328.7647, 7, 0.84, 0.00804, 0.93056, 0.0029
alpha_model-1602995635, 329.5237, 8, 0.78, 0.01237, 0.97222, 0.00176
alpha_model-1602995635, 333.4731, 8, 0.8, 0.01068, 0.97222, 0.00184
alpha_model-1602995635, 337.3239, 8, 0.82, 0.01049, 0.98611, 0.00069
alpha_model-1602995635, 339.2776, 8, 0.88, 0.00684, 0.94444, 0.00378
alpha_model-1602995635, 343.0027, 8, 0.83, 0.00976, 0.91667, 0.00525
alpha_model-1602995635, 344.9634, 8, 0.88, 0.00882, 0.91667, 0.00467
alpha_model-1602995635, 348.3394, 8, 0.91, 0.00748, 0.95833, 0.00256
alpha_model-1602995635, 351.5249, 8, 0.87, 0.00656, 0.95833, 0.00239
alpha_model-1602995635, 355.7695, 8, 0.83, 0.00894, 0.91667, 0.00449
alpha_model-1602995635, 359.8835, 8, 0.88, 0.00586, 0.97222, 0.00172
alpha_model-1602995635, 362.0268, 8, 0.86, 0.00845, 0.94444, 0.00259
alpha_model-1602995635, 366.0411, 8, 0.87, 0.00701, 0.94444, 0.00348
alpha_model-1602995635, 370.0932, 8, 0.85, 0.0082, 0.90278, 0.00575
alpha_model-1602995635, 372.2455, 8, 0.87, 0.00774, 0.94444, 0.0027
alpha_model-1602995635, 376.2418, 8, 0.87, 0.00679, 0.94444, 0.00282
alpha_model-1602995635, 378.4808, 8, 0.81, 0.01085, 0.93056, 0.00323
alpha_model-1602995635, 379.0743, 9, 0.86, 0.00746, 0.97222, 0.00249
alpha_model-1602995635, 382.9329, 9, 0.9, 0.00571, 0.98611, 0.00096
alpha_model-1602995635, 385.0383, 9, 0.87, 0.00671, 0.94444, 0.00212
alpha_model-1602995635, 388.7773, 9, 0.85, 0.00807, 0.93056, 0.00311
alpha_model-1602995635, 390.6573, 9, 0.89, 0.00658, 0.94444, 0.0034
alpha_model-1602995635, 394.5887, 9, 0.85, 0.01006, 0.98611, 0.00108
alpha_model-1602995635, 398.7346, 9, 0.9, 0.00579, 0.97222, 0.00231
alpha_model-1602995635, 401.9195, 9, 0.82, 0.01057, 0.97222, 0.00124
alpha_model-1602995635, 405.8302, 9, 0.85, 0.00979, 0.90278, 0.00441
alpha_model-1602995635, 409.806, 9, 0.9, 0.00677, 0.98611, 0.001
alpha_model-1602995635, 412.8171, 9, 0.85, 0.00815, 0.94444, 0.00239
alpha_model-1602995635, 415.8777, 9, 0.82, 0.0109, 0.95833, 0.00241
alpha_model-1602995635, 419.8367, 9, 0.82, 0.0102, 0.95833, 0.00181
alpha_model-1602995635, 422.0057, 9, 0.92, 0.00513, 0.98611, 0.00145
alpha_model-1602995635, 425.9057, 9, 0.84, 0.00929, 0.95833, 0.00287
alpha_model-1602995635, 429.8688, 9, 0.79, 0.01247, 0.97222, 0.00156
alpha_model-1602995635, 430.4602, 10, 0.84, 0.00919, 0.93056, 0.00342
alpha_model-1602995635, 433.2351, 10, 0.94, 0.00435, 0.97222, 0.00116
alpha_model-1602995635, 436.5726, 10, 0.9, 0.00625, 0.98611, 0.00078
alpha_model-1602995635, 440.6086, 10, 0.91, 0.00516, 0.94444, 0.00322
alpha_model-1602995635, 442.8213, 10, 0.82, 0.00856, 0.95833, 0.00291
alpha_model-1602995635, 446.7021, 10, 0.88, 0.00738, 0.98611, 0.00118
alpha_model-1602995635, 450.6751, 10, 0.84, 0.00913, 0.95833, 0.00184
alpha_model-1602995635, 452.737, 10, 0.86, 0.00823, 0.93056, 0.00426
alpha_model-1602995635, 456.5839, 10, 0.87, 0.00688, 0.95833, 0.00231
alpha_model-1602995635, 458.5875, 10, 0.86, 0.00788, 0.97222, 0.00144
alpha_model-1602995635, 462.3746, 10, 0.93, 0.00468, 0.91667, 0.00446
alpha_model-1602995635, 464.2775, 10, 0.86, 0.00897, 0.94444, 0.00239
alpha_model-1602995635, 468.0016, 10, 0.83, 0.01042, 0.94444, 0.00379
alpha_model-1602995635, 469.8964, 10, 0.91, 0.00594, 0.95833, 0.00342
alpha_model-1602995635, 473.6335, 10, 0.89, 0.00623, 0.94444, 0.00369
alpha_model-1602995635, 475.5733, 10, 0.83, 0.01082, 1.0, 0.00042
alpha_model-1602995635, 476.0729, 11, 0.88, 0.00858, 0.98611, 0.00057
alpha_model-1602995635, 479.8199, 11, 0.92, 0.00564, 0.95833, 0.00279
alpha_model-1602995635, 481.7109, 11, 0.86, 0.00761, 1.0, 0.00012
alpha_model-1602995635, 485.399, 11, 0.86, 0.00725, 0.98611, 0.00097
alpha_model-1602995635, 488.2215, 11, 0.88, 0.007, 1.0, 0.00054
alpha_model-1602995635, 491.0778, 11, 0.81, 0.00898, 0.95833, 0.00278
alpha_model-1602995635, 492.9837, 11, 0.92, 0.0047, 0.91667, 0.00411
alpha_model-1602995635, 496.7048, 11, 0.9, 0.00633, 1.0, 0.00024
alpha_model-1602995635, 498.7792, 11, 0.9, 0.00609, 0.91667, 0.00452
alpha_model-1602995635, 502.3866, 11, 0.87, 0.00663, 0.97222, 0.00187
alpha_model-1602995635, 504.3035, 11, 0.9, 0.00653, 0.95833, 0.00284
alpha_model-1602995635, 508.0664, 11, 0.93, 0.00423, 0.95833, 0.00274
alpha_model-1602995635, 510.0411, 11, 0.87, 0.00716, 0.90278, 0.00565
alpha_model-1602995635, 513.7801, 11, 0.84, 0.00827, 0.91667, 0.00236
alpha_model-1602995635, 515.681, 11, 0.91, 0.0049, 0.95833, 0.0026
alpha_model-1602995635, 519.3991, 11, 0.92, 0.00431, 0.95833, 0.00257
alpha_model-1602995635, 519.9586, 12, 0.81, 0.00972, 0.95833, 0.00156
alpha_model-1602995635, 521.8755, 12, 0.97, 0.00271, 0.93056, 0.00485
alpha_model-1602995635, 525.5945, 12, 0.91, 0.00538, 0.91667, 0.00293
alpha_model-1602995635, 528.1697, 12, 0.9, 0.00632, 0.93056, 0.00321
alpha_model-1602995635, 531.2394, 12, 0.86, 0.00837, 0.95833, 0.00266
alpha_model-1602995635, 533.1114, 12, 0.89, 0.00681, 1.0, 0.00029
alpha_model-1602995635, 536.8564, 12, 0.86, 0.00857, 0.97222, 0.00099
alpha_model-1602995635, 538.7833, 12, 0.9, 0.00631, 0.98611, 0.00152
alpha_model-1602995635, 542.4874, 12, 0.85, 0.00939, 0.91667, 0.00553
alpha_model-1602995635, 544.4641, 12, 0.87, 0.00841, 0.98611, 0.00144
alpha_model-1602995635, 548.1821, 12, 0.87, 0.00625, 0.93056, 0.0037
alpha_model-1602995635, 550.1299, 12, 0.95, 0.00399, 0.93056, 0.00341
alpha_model-1602995635, 553.8939, 12, 0.87, 0.00753, 0.94444, 0.00309
alpha_model-1602995635, 555.8327, 12, 0.9, 0.00582, 0.98611, 0.00117
alpha_model-1602995635, 559.5507, 12, 0.85, 0.00729, 0.94444, 0.00301
alpha_model-1602995635, 561.5334, 12, 0.92, 0.00471, 0.98611, 0.00149
alpha_model-1602995635, 562.0501, 13, 0.86, 0.00858, 0.98611, 0.0009
alpha_model-1602995635, 566.1022, 13, 0.92, 0.00463, 0.98611, 0.00162
alpha_model-1602995635, 569.9669, 13, 0.9, 0.00699, 0.97222, 0.00169
alpha_model-1602995635, 572.2292, 13, 0.87, 0.00712, 0.98611, 0.00104
alpha_model-1602995635, 576.1596, 13, 0.86, 0.00681, 0.94444, 0.00308
alpha_model-1602995635, 579.2097, 13, 0.88, 0.00745, 0.95833, 0.00304
alpha_model-1602995635, 582.2376, 13, 0.79, 0.0104, 0.95833, 0.00163
alpha_model-1602995635, 584.3435, 13, 0.9, 0.00629, 0.97222, 0.00205
alpha_model-1602995635, 588.3089, 13, 0.85, 0.00873, 0.94444, 0.00421
alpha_model-1602995635, 592.3068, 13, 0.89, 0.00571, 0.97222, 0.00138
alpha_model-1602995635, 594.614, 13, 0.91, 0.00593, 0.98611, 0.00139
alpha_model-1602995635, 598.6598, 13, 0.86, 0.00843, 0.98611, 0.00104
alpha_model-1602995635, 602.6454, 13, 0.87, 0.00691, 0.95833, 0.00296
alpha_model-1602995635, 604.8218, 13, 0.89, 0.00729, 0.97222, 0.00208
alpha_model-1602995635, 608.7918, 13, 0.85, 0.00822, 0.95833, 0.00292
alpha_model-1602995635, 612.4655, 13, 0.95, 0.00386, 0.97222, 0.00191
alpha_model-1602995635, 613.3814, 14, 0.9, 0.00623, 0.97222, 0.00148
alpha_model-1602995635, 615.5044, 14, 0.9, 0.00595, 0.98611, 0.00059
alpha_model-1602995635, 619.4398, 14, 0.91, 0.00436, 0.97222, 0.00172
alpha_model-1602995635, 623.3948, 14, 0.9, 0.00709, 0.95833, 0.00298
alpha_model-1602995635, 625.5405, 14, 0.85, 0.00929, 0.90278, 0.00599
alpha_model-1602995635, 628.6729, 14, 0.85, 0.00998, 0.98611, 0.00089
alpha_model-1602995635, 631.6532, 14, 0.95, 0.00314, 0.98611, 0.00091
alpha_model-1602995635, 635.582, 14, 0.94, 0.00404, 0.95833, 0.00257
alpha_model-1602995635, 637.8941, 14, 0.93, 0.00431, 0.97222, 0.00135
alpha_model-1602995635, 641.7119, 14, 0.86, 0.00773, 0.98611, 0.00122
alpha_model-1602995635, 645.7557, 14, 0.87, 0.00736, 0.94444, 0.00345
alpha_model-1602995635, 647.9223, 14, 0.89, 0.00752, 0.98611, 0.00069
alpha_model-1602995635, 651.8591, 14, 0.91, 0.00474, 0.98611, 0.00098
alpha_model-1602995635, 655.7951, 14, 0.82, 0.01012, 0.95833, 0.00343
alpha_model-1602995635, 657.9386, 14, 0.91, 0.00545, 1.0, 8e-05
alpha_model-1602995635, 661.9106, 14, 0.89, 0.00553, 0.95833, 0.00187
alpha_model-1602995635, 662.4878, 15, 0.89, 0.00672, 0.94444, 0.00332
alpha_model-1602995635, 666.4223, 15, 0.84, 0.0093, 0.98611, 0.0006
alpha_model-1602995635, 668.5661, 15, 0.87, 0.00889, 0.94444, 0.00362
alpha_model-1602995635, 672.5966, 15, 0.89, 0.00599, 0.95833, 0.00217
alpha_model-1602995635, 676.3704, 15, 0.86, 0.00977, 0.93056, 0.00409
alpha_model-1602995635, 678.6981, 15, 0.9, 0.00602, 0.93056, 0.00413
alpha_model-1602995635, 682.6538, 15, 0.91, 0.00632, 0.95833, 0.00246
alpha_model-1602995635, 685.9654, 15, 0.89, 0.0071, 0.98611, 0.00079
alpha_model-1602995635, 688.7528, 15, 0.88, 0.00718, 0.95833, 0.00268
alpha_model-1602995635, 692.5755, 15, 0.85, 0.00665, 0.97222, 0.00187
alpha_model-1602995635, 694.5777, 15, 0.8, 0.00947, 0.97222, 0.0012
alpha_model-1602995635, 698.3603, 15, 0.96, 0.00227, 1.0, 0.00036
alpha_model-1602995635, 700.335, 15, 0.84, 0.01127, 0.93056, 0.00339
alpha_model-1602995635, 704.079, 15, 0.84, 0.01031, 1.0, 0.00024
alpha_model-1602995635, 705.9918, 15, 0.85, 0.01016, 0.95833, 0.00283
alpha_model-1602995635, 708.1561, 15, 0.84, 0.01004, 0.98611, 0.00112
alpha_model-1602995635, 709.9263, 16, 0.87, 0.00752, 0.94444, 0.00291
alpha_model-1602995635, 712.1564, 16, 0.9, 0.00631, 0.98611, 0.001
alpha_model-1602995635, 715.8415, 16, 0.89, 0.0064, 0.98611, 0.00123
alpha_model-1602995635, 717.7733, 16, 0.87, 0.00763, 0.95833, 0.00291
alpha_model-1602995635, 721.5802, 16, 0.85, 0.00721, 0.91667, 0.00456
alpha_model-1602995635, 723.6367, 16, 0.89, 0.00731, 0.95833, 0.00283
alpha_model-1602995635, 727.2291, 16, 0.92, 0.00403, 0.98611, 0.00091
alpha_model-1602995635, 730.4933, 16, 0.87, 0.00738, 0.95833, 0.00288
alpha_model-1602995635, 733.231, 16, 0.9, 0.00677, 0.95833, 0.0018
alpha_model-1602995635, 735.3314, 16, 0.91, 0.00417, 0.98611, 0.00097
alpha_model-1602995635, 739.2469, 16, 0.84, 0.00873, 0.95833, 0.00155
alpha_model-1602995635, 742.3626, 16, 0.89, 0.00675, 0.93056, 0.00438
alpha_model-1602995635, 745.4833, 16, 0.92, 0.0044, 0.95833, 0.00258
alpha_model-1602995635, 747.6116, 16, 0.94, 0.0044, 0.98611, 0.00084
alpha_model-1602995635, 751.3077, 16, 0.79, 0.01322, 0.98611, 0.00151
alpha_model-1602995635, 753.1587, 16, 0.82, 0.00982, 0.98611, 0.00069
alpha_model-1602995635, 754.3545, 17, 0.91, 0.00546, 0.97222, 0.00204
alpha_model-1602995635, 757.3645, 17, 0.91, 0.00707, 0.94444, 0.00263
alpha_model-1602995635, 760.8691, 17, 0.82, 0.01098, 0.97222, 0.00234
alpha_model-1602995635, 762.9466, 17, 0.9, 0.00671, 0.97222, 0.00165
alpha_model-1602995635, 766.6367, 17, 0.91, 0.00631, 0.95833, 0.00277
alpha_model-1602995635, 768.5197, 17, 0.92, 0.00566, 0.95833, 0.00234
alpha_model-1602995635, 770.9222, 17, 0.92, 0.00491, 0.95833, 0.00223
alpha_model-1602995635, 774.1396, 17, 0.91, 0.00535, 0.93056, 0.00359
alpha_model-1602995635, 777.5964, 17, 0.91, 0.00481, 0.97222, 0.00192
alpha_model-1602995635, 779.8913, 17, 0.9, 0.00594, 1.0, 0.00015
alpha_model-1602995635, 781.9178, 17, 0.87, 0.00664, 0.95833, 0.00169
alpha_model-1602995635, 785.8155, 17, 0.82, 0.0093, 0.94444, 0.00303
alpha_model-1602995635, 789.7699, 17, 0.83, 0.00982, 0.95833, 0.0029
alpha_model-1602995635, 791.8204, 17, 0.85, 0.00775, 0.93056, 0.00262
alpha_model-1602995635, 795.7568, 17, 0.83, 0.01036, 0.98611, 0.00082
alpha_model-1602995635, 799.0873, 17, 0.94, 0.00425, 0.97222, 0.002
alpha_model-1602995635, 800.4316, 18, 0.89, 0.00662, 0.97222, 0.00197
alpha_model-1602995635, 802.596, 18, 0.89, 0.00643, 1.0, 0.00032
alpha_model-1602995635, 806.5874, 18, 0.9, 0.00573, 0.98611, 0.00099
alpha_model-1602995635, 810.5068, 18, 0.87, 0.00842, 0.94444, 0.00258
alpha_model-1602995635, 812.685, 18, 0.87, 0.00841, 0.94444, 0.00342
alpha_model-1602995635, 816.6795, 18, 0.88, 0.0058, 0.98611, 0.00075
alpha_model-1602995635, 818.8348, 18, 0.9, 0.00587, 0.95833, 0.00198
alpha_model-1602995635, 822.7913, 18, 0.95, 0.00366, 0.98611, 0.00052
alpha_model-1602995635, 825.2552, 18, 0.89, 0.00687, 0.98611, 0.00119
alpha_model-1602995635, 828.9537, 18, 0.87, 0.00833, 1.0, 0.00022
alpha_model-1602995635, 832.9066, 18, 0.88, 0.00724, 0.94444, 0.00384
alpha_model-1602995635, 835.0699, 18, 0.92, 0.00554, 1.0, 0.00027
alpha_model-1602995635, 839.0409, 18, 0.95, 0.00282, 0.98611, 0.00148
alpha_model-1602995635, 843.0147, 18, 0.9, 0.00659, 0.97222, 0.00133
alpha_model-1602995635, 845.1834, 18, 0.9, 0.00562, 1.0, 0.00044
alpha_model-1602995635, 849.1649, 18, 0.85, 0.00852, 0.98611, 0.0013
alpha_model-1602995635, 849.739, 19, 0.89, 0.00609, 0.95833, 0.00171
alpha_model-1602995635, 853.708, 19, 0.88, 0.00707, 0.97222, 0.00194
alpha_model-1602995635, 855.9054, 19, 0.91, 0.00594, 0.97222, 0.00176
alpha_model-1602995635, 859.8696, 19, 0.95, 0.003, 0.94444, 0.003
alpha_model-1602995635, 862.0198, 19, 0.95, 0.00321, 1.0, 0.00014
alpha_model-1602995635, 865.9851, 19, 0.92, 0.00547, 0.97222, 0.00161
alpha_model-1602995635, 869.3441, 19, 0.87, 0.0074, 0.94444, 0.00208
alpha_model-1602995635, 872.1479, 19, 0.91, 0.0054, 0.98611, 0.00044
alpha_model-1602995635, 876.125, 19, 0.96, 0.00232, 0.97222, 0.00109
alpha_model-1602995635, 878.6847, 19, 0.93, 0.0054, 1.0, 7e-05
alpha_model-1602995635, 882.3056, 19, 0.87, 0.00874, 0.97222, 0.00085
alpha_model-1602995635, 884.4719, 19, 0.93, 0.00404, 0.97222, 0.00149
alpha_model-1602995635, 888.4432, 19, 0.89, 0.00554, 0.97222, 0.00119
alpha_model-1602995635, 892.3597, 19, 0.93, 0.00425, 0.94444, 0.00203
alpha_model-1602995635, 894.6372, 19, 0.86, 0.00759, 0.98611, 0.00118
alpha_model-1602995635, 898.725, 19, 0.84, 0.00939, 0.97222, 0.00113
alpha_model-1602995635, 899.308, 20, 0.94, 0.00331, 0.98611, 0.0011
alpha_model-1602995635, 903.3083, 20, 0.92, 0.00514, 0.95833, 0.00139
alpha_model-1602995635, 905.8933, 20, 0.9, 0.00556, 0.98611, 0.00132
alpha_model-1602995635, 909.5549, 20, 0.9, 0.00614, 0.97222, 0.00111
alpha_model-1602995635, 913.6211, 20, 0.93, 0.00422, 0.94444, 0.00269
alpha_model-1602995635, 915.8433, 20, 0.86, 0.00782, 0.97222, 0.00159
alpha_model-1602995635, 919.8291, 20, 0.83, 0.01014, 0.93056, 0.00402
alpha_model-1602995635, 921.9739, 20, 0.87, 0.00762, 0.94444, 0.00275
alpha_model-1602995635, 925.958, 20, 0.83, 0.00951, 0.97222, 0.00103
alpha_model-1602995635, 929.6139, 20, 0.85, 0.00815, 1.0, 6e-05
alpha_model-1602995635, 932.1173, 20, 0.91, 0.00584, 0.95833, 0.00287
alpha_model-1602995635, 936.1109, 20, 0.85, 0.01017, 0.97222, 0.00211
alpha_model-1602995635, 939.06, 20, 0.9, 0.00679, 0.91667, 0.00407
alpha_model-1602995635, 942.2018, 20, 0.9, 0.00552, 0.98611, 0.00115
alpha_model-1602995635, 946.1795, 20, 0.9, 0.00686, 0.97222, 0.00174
alpha_model-1602995635, 948.317, 20, 0.88, 0.00569, 0.97222, 0.00133
alpha_model-1602995635, 950.2573, 21, 0.89, 0.00678, 0.97222, 0.00173
alpha_model-1602995635, 952.8828, 21, 0.89, 0.00738, 0.97222, 0.00221
alpha_model-1602995635, 956.845, 21, 0.91, 0.00473, 0.97222, 0.00184
alpha_model-1602995635, 959.756, 21, 0.93, 0.00467, 0.97222, 0.00185
alpha_model-1602995635, 963.004, 21, 0.85, 0.0087, 0.95833, 0.00234
alpha_model-1602995635, 967.0028, 21, 0.95, 0.00348, 0.98611, 0.00063
alpha_model-1602995635, 969.4056, 21, 0.89, 0.00654, 0.97222, 0.00157
alpha_model-1602995635, 973.179, 21, 0.91, 0.0055, 0.97222, 0.0022
alpha_model-1602995635, 975.4108, 21, 0.92, 0.00521, 0.97222, 0.00137
alpha_model-1602995635, 979.4466, 21, 0.91, 0.00588, 0.97222, 0.00137
alpha_model-1602995635, 983.4399, 21, 0.89, 0.00633, 0.97222, 0.0018
alpha_model-1602995635, 985.6396, 21, 0.91, 0.00632, 0.97222, 0.00196
alpha_model-1602995635, 989.6308, 21, 0.85, 0.00905, 1.0, 3e-05
alpha_model-1602995635, 993.2157, 21, 0.94, 0.00432, 0.93056, 0.00308
alpha_model-1602995635, 995.8306, 21, 0.89, 0.00602, 1.0, 0.00034
alpha_model-1602995635, 999.795, 21, 0.93, 0.00407, 0.95833, 0.00239
alpha_model-1602995635, 1000.3798, 22, 0.9, 0.00504, 0.97222, 0.00146
alpha_model-1602995635, 1004.4043, 22, 0.88, 0.00703, 0.94444, 0.00259
alpha_model-1602995635, 1006.642, 22, 0.88, 0.0075, 1.0, 0.00054
alpha_model-1602995635, 1010.5622, 22, 0.86, 0.00922, 0.95833, 0.0019
alpha_model-1602995635, 1012.7902, 22, 0.89, 0.00585, 0.94444, 0.0035
alpha_model-1602995635, 1016.8543, 22, 0.91, 0.00504, 1.0, 0.00023
alpha_model-1602995635, 1020.4363, 22, 0.87, 0.00921, 0.97222, 0.00218
alpha_model-1602995635, 1023.0268, 22, 0.76, 0.01358, 0.98611, 0.00127
alpha_model-1602995635, 1026.9637, 22, 0.93, 0.0049, 0.94444, 0.00321
alpha_model-1602995635, 1029.7349, 22, 0.87, 0.00823, 0.94444, 0.00356
alpha_model-1602995635, 1033.128, 22, 0.93, 0.00371, 0.97222, 0.00207
alpha_model-1602995635, 1037.216, 22, 0.88, 0.00643, 0.98611, 0.00104
alpha_model-1602995635, 1039.7017, 22, 0.87, 0.00726, 0.97222, 0.00136
alpha_model-1602995635, 1043.4863, 22, 0.92, 0.00547, 0.98611, 0.00073
alpha_model-1602995635, 1047.6309, 22, 0.93, 0.00458, 0.97222, 0.0008
alpha_model-1602995635, 1050.777, 22, 0.86, 0.00881, 0.97222, 0.00212
alpha_model-1602995635, 1052.4766, 23, 0.81, 0.0107, 1.0, 5e-05
alpha_model-1602995635, 1054.8116, 23, 0.94, 0.00303, 0.93056, 0.00334
alpha_model-1602995635, 1058.9789, 23, 0.86, 0.00787, 0.94444, 0.00356
alpha_model-1602995635, 1063.196, 23, 0.87, 0.00888, 0.93056, 0.00457
alpha_model-1602995635, 1066.3102, 23, 0.89, 0.00555, 0.93056, 0.00363
alpha_model-1602995635, 1069.9547, 23, 0.92, 0.00526, 1.0, 1e-05
alpha_model-1602995635, 1074.1771, 23, 0.92, 0.00548, 1.0, 0.00048
alpha_model-1602995635, 1078.3883, 23, 0.92, 0.00558, 1.0, 0.00015
alpha_model-1602995635, 1082.5623, 23, 0.94, 0.00323, 0.98611, 0.00045
alpha_model-1602995635, 1087.1117, 23, 0.89, 0.00729, 0.98611, 0.0009
alpha_model-1602995635, 1091.7379, 23, 0.85, 0.00943, 0.95833, 0.00303
alpha_model-1602995635, 1095.9356, 23, 0.85, 0.00832, 0.97222, 0.00164
alpha_model-1602995635, 1099.6064, 23, 0.91, 0.00585, 0.97222, 0.00212
alpha_model-1602995635, 1102.4897, 23, 0.87, 0.00739, 1.0, 0.00024
alpha_model-1602995635, 1106.6075, 23, 0.9, 0.00462, 0.97222, 0.00139
alpha_model-1602995635, 1109.9277, 23, 0.93, 0.00374, 0.97222, 0.00215
alpha_model-1602995635, 1111.0738, 24, 0.93, 0.00477, 0.98611, 0.00103
alpha_model-1602995635, 1113.1031, 24, 0.93, 0.00365, 0.98611, 0.00078
alpha_model-1602995635, 1116.2254, 24, 0.87, 0.00755, 1.0, 5e-05
alpha_model-1602995635, 1118.9601, 24, 0.9, 0.00598, 0.97222, 0.0015
alpha_model-1602995635, 1122.7888, 24, 0.87, 0.00895, 0.98611, 0.00063
alpha_model-1602995635, 1124.7526, 24, 0.9, 0.00636, 0.97222, 0.00248
alpha_model-1602995635, 1128.5285, 24, 0.92, 0.0064, 0.98611, 0.00055
alpha_model-1602995635, 1130.4972, 24, 0.88, 0.00827, 0.95833, 0.00269
alpha_model-1602995635, 1134.315, 24, 0.83, 0.01124, 0.95833, 0.00258
alpha_model-1602995635, 1136.21, 24, 0.89, 0.00644, 0.98611, 0.00126
alpha_model-1602995635, 1139.9958, 24, 0.84, 0.01008, 0.95833, 0.00257
alpha_model-1602995635, 1141.9177, 24, 0.85, 0.00965, 0.97222, 0.00222
alpha_model-1602995635, 1145.7325, 24, 0.88, 0.00678, 0.93056, 0.00339
alpha_model-1602995635, 1149.0097, 24, 0.89, 0.00608, 0.97222, 0.00107
alpha_model-1602995635, 1151.515, 24, 0.86, 0.00776, 0.97222, 0.00148
alpha_model-1602995635, 1155.6256, 24, 0.9, 0.00607, 0.95833, 0.00305
